<?xml version="1.0" encoding="UTF-8"?>
<!-- Generated by org.testng.reporters.JUnitXMLReporter -->
<testsuite ignored="0" hostname="4CE337D2RVINHP" failures="1" tests="2" name="Default test" time="14.052" errors="0" timestamp="2024-11-25T15:00:29 IST">
  <testcase classname="io.cucumber.testng.AbstractTestNGCucumberTests" name="runScenario" time="8.166">
    <failure type="java.lang.AssertionError" message="Page title verification failed! expected [Dashboard ] but found [Dashboard]">
      <![CDATA[java.lang.AssertionError: Page title verification failed! expected [Dashboard ] but found [Dashboard]
at org.testng.Assert.fail(Assert.java:111)
at org.testng.Assert.failNotEquals(Assert.java:1578)
at org.testng.Assert.assertEqualsImpl(Assert.java:150)
at org.testng.Assert.assertEquals(Assert.java:132)
at org.testng.Assert.assertEquals(Assert.java:656)
at stepdefinitions.steps.verify_the_title_of_page(steps.java:38)
at ✽.verify the title of page.(file:///C:/Users/ShivamDubey/git/Selenium_With_Shivam/src/main/resources/feature/signUp.feature:27)
]]>
    </failure>
  </testcase> <!-- runScenario -->
  <testcase classname="io.cucumber.testng.AbstractTestNGCucumberTests" name="runScenario" time="5.596"/>
</testsuite> <!-- Default test -->
